# JRE version: OpenJDK Runtime Environment Zulu17.34+19-CA (17.0.3+7) (build 17.0.3+7-LTS)
# Java VM: OpenJDK 64-Bit Server VM Zulu17.34+19-CA (17.0.3+7-LTS, mixed mode, emulated-client, sharing, tiered, compressed oops, compressed class ptrs, g1 gc, bsd-amd64)
GC Precious Log:
 CPUs: 4 total, 4 available
 Memory: 20480M
 Large Page Support: Disabled
 NUMA Support: Disabled
 Compressed Oops: Enabled (Zero based)
 Heap Region Size: 4M
 Heap Min Capacity: 8M
 Heap Initial Capacity: 320M
 Heap Max Capacity: 5G
 Pre-touch: Disabled
 Parallel Workers: 4
 Concurrent Workers: 1
 Concurrent Refinement Workers: 4
 Periodic GC: Disabled
Heap:
 garbage-first heap   total 81920K, used 18946K [0x00000006c0000000, 0x0000000800000000)
  region size 4096K, 2 young (8192K), 1 survivors (4096K)
 Metaspace       used 31819K, committed 32192K, reserved 1081344K
  class space    used 4318K, committed 4480K, reserved 1048576K
GC Heap History (18 events):
Event: 0.700 GC heap before
{Heap before GC invocations=0 (full 0):
 garbage-first heap   total 335872K, used 16344K [0x00000006c0000000, 0x0000000800000000)
  region size 4096K, 4 young (16384K), 0 survivors (0K)
 Metaspace       used 5228K, committed 5504K, reserved 1056768K
  class space    used 612K, committed 768K, reserved 1048576K
}
Event: 0.705 GC heap after
{Heap after GC invocations=1 (full 0):
 garbage-first heap   total 335872K, used 8160K [0x00000006c0000000, 0x0000000800000000)
  region size 4096K, 1 young (4096K), 1 survivors (4096K)
 Metaspace       used 5228K, committed 5504K, reserved 1056768K
  class space    used 612K, committed 768K, reserved 1048576K
}
Event: 1.088 GC heap before
{Heap before GC invocations=1 (full 0):
 garbage-first heap   total 335872K, used 20448K [0x00000006c0000000, 0x0000000800000000)
  region size 4096K, 4 young (16384K), 1 survivors (4096K)
 Metaspace       used 7604K, committed 7808K, reserved 1056768K
  class space    used 941K, committed 1024K, reserved 1048576K
}
Event: 1.092 GC heap after
{Heap after GC invocations=2 (full 0):
 garbage-first heap   total 335872K, used 9437K [0x00000006c0000000, 0x0000000800000000)
  region size 4096K, 1 young (4096K), 1 survivors (4096K)
 Metaspace       used 7604K, committed 7808K, reserved 1056768K
  class space    used 941K, committed 1024K, reserved 1048576K
}
Event: 1.484 GC heap before
{Heap before GC invocations=2 (full 0):
 garbage-first heap   total 335872K, used 38109K [0x00000006c0000000, 0x0000000800000000)
  region size 4096K, 8 young (32768K), 1 survivors (4096K)
 Metaspace       used 13537K, committed 13760K, reserved 1064960K
  class space    used 1758K, committed 1856K, reserved 1048576K
}
Event: 1.488 GC heap after
{Heap after GC invocations=3 (full 0):
 garbage-first heap   total 335872K, used 11124K [0x00000006c0000000, 0x0000000800000000)
  region size 4096K, 1 young (4096K), 1 survivors (4096K)
 Metaspace       used 13537K, committed 13760K, reserved 1064960K
  class space    used 1758K, committed 1856K, reserved 1048576K
}
Event: 2.190 GC heap before
{Heap before GC invocations=3 (full 0):
 garbage-first heap   total 335872K, used 72564K [0x00000006c0000000, 0x0000000800000000)
  region size 4096K, 17 young (69632K), 1 survivors (4096K)
 Metaspace       used 21183K, committed 21504K, reserved 1073152K
  class space    used 2903K, committed 3008K, reserved 1048576K
}
Event: 2.197 GC heap after
{Heap after GC invocations=4 (full 0):
 garbage-first heap   total 335872K, used 15116K [0x00000006c0000000, 0x0000000800000000)
  region size 4096K, 2 young (8192K), 2 survivors (8192K)
 Metaspace       used 21183K, committed 21504K, reserved 1073152K
  class space    used 2903K, committed 3008K, reserved 1048576K
}
Event: 2.836 GC heap before
{Heap before GC invocations=5 (full 0):
 garbage-first heap   total 81920K, used 60172K [0x00000006c0000000, 0x0000000800000000)
  region size 4096K, 14 young (57344K), 2 survivors (8192K)
 Metaspace       used 27749K, committed 28096K, reserved 1073152K
  class space    used 3798K, committed 3968K, reserved 1048576K
}
Event: 2.846 GC heap after
{Heap after GC invocations=6 (full 0):
 garbage-first heap   total 81920K, used 17836K [0x00000006c0000000, 0x0000000800000000)
  region size 4096K, 3 young (12288K), 3 survivors (12288K)
 Metaspace       used 27749K, committed 28096K, reserved 1073152K
  class space    used 3798K, committed 3968K, reserved 1048576K
}
Event: 43.819 GC heap before
{Heap before GC invocations=6 (full 0):
 garbage-first heap   total 81920K, used 54700K [0x00000006c0000000, 0x0000000800000000)
  region size 4096K, 12 young (49152K), 3 survivors (12288K)
 Metaspace       used 31713K, committed 32064K, reserved 1081344K
  class space    used 4302K, committed 4480K, reserved 1048576K
}
Event: 43.828 GC heap after
{Heap after GC invocations=7 (full 0):
 garbage-first heap   total 81920K, used 19412K [0x00000006c0000000, 0x0000000800000000)
  region size 4096K, 2 young (8192K), 2 survivors (8192K)
 Metaspace       used 31713K, committed 32064K, reserved 1081344K
  class space    used 4302K, committed 4480K, reserved 1048576K
}
Event: 49.424 GC heap before
{Heap before GC invocations=7 (full 0):
 garbage-first heap   total 81920K, used 52180K [0x00000006c0000000, 0x0000000800000000)
  region size 4096K, 10 young (40960K), 2 survivors (8192K)
 Metaspace       used 31810K, committed 32192K, reserved 1081344K
  class space    used 4317K, committed 4480K, reserved 1048576K
}
Event: 49.429 GC heap after
{Heap after GC invocations=8 (full 0):
 garbage-first heap   total 81920K, used 19631K [0x00000006c0000000, 0x0000000800000000)
  region size 4096K, 1 young (4096K), 1 survivors (4096K)
 Metaspace       used 31810K, committed 32192K, reserved 1081344K
  class space    used 4317K, committed 4480K, reserved 1048576K
}
Event: 49.714 GC heap before
{Heap before GC invocations=8 (full 0):
 garbage-first heap   total 81920K, used 56495K [0x00000006c0000000, 0x0000000800000000)
  region size 4096K, 11 young (45056K), 1 survivors (4096K)
 Metaspace       used 31810K, committed 32192K, reserved 1081344K
  class space    used 4317K, committed 4480K, reserved 1048576K
}
Event: 49.716 GC heap after
{Heap after GC invocations=9 (full 0):
 garbage-first heap   total 81920K, used 20613K [0x00000006c0000000, 0x0000000800000000)
  region size 4096K, 1 young (4096K), 1 survivors (4096K)
 Metaspace       used 31810K, committed 32192K, reserved 1081344K
  class space    used 4317K, committed 4480K, reserved 1048576K
}
Event: 192.166 GC heap before
{Heap before GC invocations=9 (full 0):
 garbage-first heap   total 81920K, used 53381K [0x00000006c0000000, 0x0000000800000000)
  region size 4096K, 10 young (40960K), 1 survivors (4096K)
 Metaspace       used 31812K, committed 32192K, reserved 1081344K
  class space    used 4317K, committed 4480K, reserved 1048576K
}
Event: 192.168 GC heap after
{Heap after GC invocations=10 (full 0):
 garbage-first heap   total 81920K, used 18946K [0x00000006c0000000, 0x0000000800000000)
  region size 4096K, 1 young (4096K), 1 survivors (4096K)
 Metaspace       used 31812K, committed 32192K, reserved 1081344K
  class space    used 4317K, committed 4480K, reserved 1048576K
}

